<?xml version="1.0" encoding="UTF-8"?>
<testsuite name="FailingTest" tests="1" skipped="0" failures="0" errors="0" timestamp="2018-05-22T22:39:15" hostname="dragons-MBP" time="0.001">
  <properties/>
  <testcase name="testThatSucceeds" classname="FailingTest" time="0.001"/>
  <system-out><![CDATA[]]></system-out>
  <system-err><![CDATA[]]></system-err>
</testsuite>
